<?xml version='1.0' encoding='UTF-8'?>
<testsuite hostname="C02P973RG3QD" name="controllers.ApplicationControllerSpec" tests="1" errors="0" failures="1" skipped="0" time="0.024">
                     <properties>
[...]
</properties>
                     <testcase classname="controllers.ApplicationControllerSpec" name="index() should return OK" time="0.024">
                                                 <failure message="org.scalatest.exceptions.TestFailedException: 501 was not equal to 200" type="sbt.ForkMain$ForkError">sbt.ForkMain$ForkError: org.scalatest.exceptions.TestFailedException: 501 was not equal to 200
	at org.scalatest.MatchersHelper$.indicateFailure(MatchersHelper.scala:346)
	at org.scalatest.Matchers$AnyShouldWrapper.shouldBe(Matchers.scala:6864)
	at controllers.ApplicationControllerSpec$$anonfun$1$$anonfun$apply$mcV$sp$1.apply(ApplicationControllerSpec.scala:22)
	at controllers.ApplicationControllerSpec$$anonfun$1$$anonfun$apply$mcV$sp$1.apply(ApplicationControllerSpec.scala:22)
	at org.scalatest.OutcomeOf$class.outcomeOf(OutcomeOf.scala:85)
	at org.scalatest.OutcomeOf$.outcomeOf(OutcomeOf.scala:104)
	at org.scalatest.Transformer.apply(Transformer.scala:22)
	at org.scalatest.Transformer.apply(Transformer.scala:20)
	at org.scalatest.WordSpecLike$$anon$1.apply(WordSpecLike.scala:1078)
	at org.scalatest.TestSuite$class.withFixture(TestSuite.scala:196)
	at controllers.ApplicationControllerSpec.withFixture(ApplicationControllerSpec.scala:9)
	at org.scalatest.WordSpecLike$class.invokeWithFixture$1(WordSpecLike.scala:1075)
	at org.scalatest.WordSpecLike$$anonfun$runTest$1.apply(WordSpecLike.scala:1088)
	at org.scalatest.WordSpecLike$$anonfun$runTest$1.apply(WordSpecLike.scala:1088)
	at org.scalatest.SuperEngine.runTestImpl(Engine.scala:289)
	at org.scalatest.WordSpecLike$class.runTest(WordSpecLike.scala:1088)
	at controllers.ApplicationControllerSpec.runTest(ApplicationControllerSpec.scala:9)
	at org.scalatest.WordSpecLike$$anonfun$runTests$1.apply(WordSpecLike.scala:1147)
	at org.scalatest.WordSpecLike$$anonfun$runTests$1.apply(WordSpecLike.scala:1147)
	at org.scalatest.SuperEngine$$anonfun$traverseSubNodes$1$1.apply(Engine.scala:396)
	at org.scalatest.SuperEngine$$anonfun$traverseSubNodes$1$1.apply(Engine.scala:384)
	at scala.collection.immutable.List.foreach(List.scala:392)
	at org.scalatest.SuperEngine.traverseSubNodes$1(Engine.scala:384)
	at org.scalatest.SuperEngine.org$scalatest$SuperEngine$$runTestsInBranch(Engine.scala:373)
	at org.scalatest.SuperEngine$$anonfun$traverseSubNodes$1$1.apply(Engine.scala:410)
	at org.scalatest.SuperEngine$$anonfun$traverseSubNodes$1$1.apply(Engine.scala:384)
	at scala.collection.immutable.List.foreach(List.scala:392)
	at org.scalatest.SuperEngine.traverseSubNodes$1(Engine.scala:384)
	at org.scalatest.SuperEngine.org$scalatest$SuperEngine$$runTestsInBranch(Engine.scala:379)
	at org.scalatest.SuperEngine.runTestsImpl(Engine.scala:461)
	at org.scalatest.WordSpecLike$class.runTests(WordSpecLike.scala:1147)
	at controllers.ApplicationControllerSpec.runTests(ApplicationControllerSpec.scala:9)
	at org.scalatest.Suite$class.run(Suite.scala:1147)
	at controllers.ApplicationControllerSpec.org$scalatest$WordSpecLike$$super$run(ApplicationControllerSpec.scala:9)
	at org.scalatest.WordSpecLike$$anonfun$run$1.apply(WordSpecLike.scala:1192)
	at org.scalatest.WordSpecLike$$anonfun$run$1.apply(WordSpecLike.scala:1192)
	at org.scalatest.SuperEngine.runImpl(Engine.scala:521)
	at org.scalatest.WordSpecLike$class.run(WordSpecLike.scala:1192)
	at controllers.ApplicationControllerSpec.org$scalatestplus$play$BaseOneAppPerSuite$$super$run(ApplicationControllerSpec.scala:9)
	at org.scalatestplus.play.BaseOneAppPerSuite$class.run(BaseOneAppPerSuite.scala:46)
	at controllers.ApplicationControllerSpec.run(ApplicationControllerSpec.scala:9)
	at org.scalatest.tools.Framework.org$scalatest$tools$Framework$$runSuite(Framework.scala:314)
	at org.scalatest.tools.Framework$ScalaTestTask.execute(Framework.scala:480)
	at sbt.ForkMain$Run$2.call(ForkMain.java:296)
	at sbt.ForkMain$Run$2.call(ForkMain.java:286)
	at java.util.concurrent.FutureTask.run(FutureTask.java:266)
	at java.util.concurrent.ThreadPoolExecutor.runWorker(ThreadPoolExecutor.java:1149)
	at java.util.concurrent.ThreadPoolExecutor$Worker.run(ThreadPoolExecutor.java:624)
	at java.lang.Thread.run(Thread.java:748)
</failure>
                                               </testcase>
                     <system-out></system-out>
                     <system-err></system-err>
                   </testsuite>