[0m[[0mdebug[0m] [0mjavaOptions: List()[0m
[0m[[0mdebug[0m] [0mForking tests - parallelism = false[0m
[0m[[0mdebug[0m] [0mCreate a single-thread test executor[0m
[0m[[0mdebug[0m] [0mRunner for org.scalatest.tools.Framework produced 1 initial tasks for 1 tests.[0m
[0m[[0mdebug[0m] [0m  Running TaskDef(controllers.ApplicationControllerSpec, sbt.ForkMain$SubclassFingerscan@15755609, false, [SuiteSelector])[0m
[0m[[0minfo[0m] [0m[32mApplicationControllerSpec:[0m[0m
[0m[[0minfo[0m] [0m[32mApplicationController .index()[0m[0m
[0m[[0minfo[0m] [0m[31m- should return OK *** FAILED ***[0m[0m
[0m[[0minfo[0m] [0m[31m  501 was not equal to 200 (ApplicationControllerSpec.scala:22)[0m[0m
[0m[[0minfo[0m] [0m[32mApplicationController .create(id: String)[0m[0m
[0m[[0minfo[0m] [0m[32mApplicationController .read(id: String)[0m[0m
[0m[[0minfo[0m] [0m[32mApplicationController .update(id: String)[0m[0m
[0m[[0minfo[0m] [0m[32mApplicationController .delete()[0m[0m
[0m[[0mdebug[0m] [0m    Produced 0 nested tasks and 1 events.[0m
[0m[[0mdebug[0m] [0mRunner for com.novocode.junit.JUnitFramework produced 0 initial tasks for 0 tests.[0m
[0m[[0minfo[0m] [0mScalaTest[0m
[0m[[0minfo[0m] [0m[36mRun completed in 3 seconds, 53 milliseconds.[0m[0m
[0m[[0minfo[0m] [0m[36mTotal number of tests run: 1[0m[0m
[0m[[0minfo[0m] [0m[36mSuites: completed 1, aborted 0[0m[0m
[0m[[0minfo[0m] [0m[36mTests: succeeded 0, failed 1, canceled 0, ignored 0, pending 0[0m[0m
[0m[[0minfo[0m] [0m[31m*** 1 TEST FAILED ***[0m[0m
[0m[[0mdebug[0m] [0mSummary for JUnit not available.[0m
[0m[[31merror[0m] [0mFailed: Total 1, Failed 1, Errors 0, Passed 0[0m
[0m[[31merror[0m] [0mFailed tests:[0m
[0m[[31merror[0m] [0m	controllers.ApplicationControllerSpec[0m
[0m[[31merror[0m] [0m(test:[31mtest[0m) sbt.TestsFailedException: Tests unsuccessful[0m
